{"C:\\Users\\gerar\\OneDrive\\Escritorio\\nodejs-basic-website\\src\\app.js": {"path":"C:\\Users\\gerar\\OneDrive\\Escritorio\\nodejs-basic-website\\src\\app.js","statementMap":{"0":{"start":{"line":8,"column":12},"end":{"line":8,"column":21}},"1":{"start":{"line":9,"column":13},"end":{"line":9,"column":37}},"2":{"start":{"line":12,"column":0},"end":{"line":12,"column":24}},"3":{"start":{"line":13,"column":0},"end":{"line":13,"column":49}},"4":{"start":{"line":16,"column":19},"end":{"line":16,"column":60}},"5":{"start":{"line":17,"column":0},"end":{"line":17,"column":36}},"6":{"start":{"line":21,"column":0},"end":{"line":21,"column":26}},"7":{"start":{"line":22,"column":0},"end":{"line":22,"column":35}}},"fnMap":{},"branchMap":{"0":{"loc":{"start":{"line":9,"column":13},"end":{"line":9,"column":37}},"type":"binary-expr","locations":[{"start":{"line":9,"column":13},"end":{"line":9,"column":29}},{"start":{"line":9,"column":33},"end":{"line":9,"column":37}}],"line":9}},"s":{"0":1,"1":1,"2":1,"3":1,"4":1,"5":1,"6":1,"7":1},"f":{},"b":{"0":[1,1]},"_coverageSchema":"1a1c01bbd47fc00a2c39e90264f33305004495a9","hash":"2878c3d0ace530f96e71e724d57be13c7d80d5a3"}
,"C:\\Users\\gerar\\OneDrive\\Escritorio\\nodejs-basic-website\\src\\controllers\\pages.controller.js": {"path":"C:\\Users\\gerar\\OneDrive\\Escritorio\\nodejs-basic-website\\src\\controllers\\pages.controller.js","statementMap":{"0":{"start":{"line":8,"column":26},"end":{"line":10,"column":1}},"1":{"start":{"line":9,"column":4},"end":{"line":9,"column":67}},"2":{"start":{"line":17,"column":27},"end":{"line":19,"column":1}},"3":{"start":{"line":18,"column":4},"end":{"line":18,"column":67}},"4":{"start":{"line":26,"column":28},"end":{"line":30,"column":1}},"5":{"start":{"line":27,"column":4},"end":{"line":29,"column":7}}},"fnMap":{"0":{"name":"(anonymous_0)","decl":{"start":{"line":8,"column":26},"end":{"line":8,"column":27}},"loc":{"start":{"line":8,"column":40},"end":{"line":10,"column":1}},"line":8},"1":{"name":"(anonymous_1)","decl":{"start":{"line":17,"column":27},"end":{"line":17,"column":28}},"loc":{"start":{"line":17,"column":41},"end":{"line":19,"column":1}},"line":17},"2":{"name":"(anonymous_2)","decl":{"start":{"line":26,"column":28},"end":{"line":26,"column":29}},"loc":{"start":{"line":26,"column":42},"end":{"line":30,"column":1}},"line":26}},"branchMap":{},"s":{"0":2,"1":1,"2":2,"3":1,"4":2,"5":1},"f":{"0":1,"1":1,"2":1},"b":{},"_coverageSchema":"1a1c01bbd47fc00a2c39e90264f33305004495a9","hash":"0cc44a1755b40bb9e4db1d17fae2ef8d3c970d48"}
,"C:\\Users\\gerar\\OneDrive\\Escritorio\\nodejs-basic-website\\src\\controllers\\tasks.controller.js": {"path":"C:\\Users\\gerar\\OneDrive\\Escritorio\\nodejs-basic-website\\src\\controllers\\tasks.controller.js","statementMap":{"0":{"start":{"line":1,"column":28},"end":{"line":1,"column":30}},"1":{"start":{"line":8,"column":24},"end":{"line":10,"column":1}},"2":{"start":{"line":9,"column":4},"end":{"line":9,"column":39}},"3":{"start":{"line":18,"column":26},"end":{"line":38,"column":1}},"4":{"start":{"line":19,"column":35},"end":{"line":19,"column":43}},"5":{"start":{"line":21,"column":4},"end":{"line":23,"column":5}},"6":{"start":{"line":22,"column":8},"end":{"line":22,"column":89}},"7":{"start":{"line":26,"column":20},"end":{"line":31,"column":5}},"8":{"start":{"line":34,"column":4},"end":{"line":34,"column":31}},"9":{"start":{"line":37,"column":4},"end":{"line":37,"column":34}},"10":{"start":{"line":45,"column":26},"end":{"line":70,"column":1}},"11":{"start":{"line":47,"column":15},"end":{"line":47,"column":38}},"12":{"start":{"line":50,"column":22},"end":{"line":50,"column":68}},"13":{"start":{"line":50,"column":53},"end":{"line":50,"column":67}},"14":{"start":{"line":53,"column":4},"end":{"line":55,"column":5}},"15":{"start":{"line":54,"column":8},"end":{"line":54,"column":73}},"16":{"start":{"line":58,"column":46},"end":{"line":58,"column":54}},"17":{"start":{"line":61,"column":4},"end":{"line":66,"column":6}},"18":{"start":{"line":69,"column":4},"end":{"line":69,"column":50}},"19":{"start":{"line":77,"column":26},"end":{"line":94,"column":1}},"20":{"start":{"line":79,"column":15},"end":{"line":79,"column":38}},"21":{"start":{"line":82,"column":22},"end":{"line":82,"column":68}},"22":{"start":{"line":82,"column":53},"end":{"line":82,"column":67}},"23":{"start":{"line":85,"column":4},"end":{"line":87,"column":5}},"24":{"start":{"line":86,"column":8},"end":{"line":86,"column":87}},"25":{"start":{"line":90,"column":4},"end":{"line":90,"column":38}},"26":{"start":{"line":93,"column":4},"end":{"line":93,"column":27}}},"fnMap":{"0":{"name":"(anonymous_0)","decl":{"start":{"line":8,"column":24},"end":{"line":8,"column":25}},"loc":{"start":{"line":8,"column":38},"end":{"line":10,"column":1}},"line":8},"1":{"name":"(anonymous_1)","decl":{"start":{"line":18,"column":26},"end":{"line":18,"column":27}},"loc":{"start":{"line":18,"column":40},"end":{"line":38,"column":1}},"line":18},"2":{"name":"(anonymous_2)","decl":{"start":{"line":45,"column":26},"end":{"line":45,"column":27}},"loc":{"start":{"line":45,"column":40},"end":{"line":70,"column":1}},"line":45},"3":{"name":"(anonymous_3)","decl":{"start":{"line":50,"column":45},"end":{"line":50,"column":46}},"loc":{"start":{"line":50,"column":53},"end":{"line":50,"column":67}},"line":50},"4":{"name":"(anonymous_4)","decl":{"start":{"line":77,"column":26},"end":{"line":77,"column":27}},"loc":{"start":{"line":77,"column":40},"end":{"line":94,"column":1}},"line":77},"5":{"name":"(anonymous_5)","decl":{"start":{"line":82,"column":45},"end":{"line":82,"column":46}},"loc":{"start":{"line":82,"column":53},"end":{"line":82,"column":67}},"line":82}},"branchMap":{"0":{"loc":{"start":{"line":21,"column":4},"end":{"line":23,"column":5}},"type":"if","locations":[{"start":{"line":21,"column":4},"end":{"line":23,"column":5}},{"start":{},"end":{}}],"line":21},"1":{"loc":{"start":{"line":21,"column":8},"end":{"line":21,"column":30}},"type":"binary-expr","locations":[{"start":{"line":21,"column":8},"end":{"line":21,"column":14}},{"start":{"line":21,"column":18},"end":{"line":21,"column":30}}],"line":21},"2":{"loc":{"start":{"line":53,"column":4},"end":{"line":55,"column":5}},"type":"if","locations":[{"start":{"line":53,"column":4},"end":{"line":55,"column":5}},{"start":{},"end":{}}],"line":53},"3":{"loc":{"start":{"line":63,"column":15},"end":{"line":63,"column":74}},"type":"cond-expr","locations":[{"start":{"line":63,"column":37},"end":{"line":63,"column":42}},{"start":{"line":63,"column":45},"end":{"line":63,"column":74}}],"line":63},"4":{"loc":{"start":{"line":64,"column":21},"end":{"line":64,"column":98}},"type":"cond-expr","locations":[{"start":{"line":64,"column":49},"end":{"line":64,"column":60}},{"start":{"line":64,"column":63},"end":{"line":64,"column":98}}],"line":64},"5":{"loc":{"start":{"line":65,"column":19},"end":{"line":65,"column":90}},"type":"cond-expr","locations":[{"start":{"line":65,"column":45},"end":{"line":65,"column":54}},{"start":{"line":65,"column":57},"end":{"line":65,"column":90}}],"line":65},"6":{"loc":{"start":{"line":85,"column":4},"end":{"line":87,"column":5}},"type":"if","locations":[{"start":{"line":85,"column":4},"end":{"line":87,"column":5}},{"start":{},"end":{}}],"line":85}},"s":{"0":2,"1":2,"2":3,"3":2,"4":4,"5":4,"6":2,"7":2,"8":2,"9":2,"10":2,"11":6,"12":6,"13":5,"14":6,"15":3,"16":3,"17":3,"18":3,"19":2,"20":4,"21":4,"22":5,"23":4,"24":2,"25":2,"26":2},"f":{"0":3,"1":4,"2":6,"3":5,"4":4,"5":5},"b":{"0":[2,2],"1":[4,2],"2":[3,3],"3":[2,1],"4":[1,2],"5":[2,1],"6":[2,2]},"_coverageSchema":"1a1c01bbd47fc00a2c39e90264f33305004495a9","hash":"fc197cb55781dd817e970f60deb0a86aa81bb033"}
,"C:\\Users\\gerar\\OneDrive\\Escritorio\\nodejs-basic-website\\src\\routes\\pages.routes.js": {"path":"C:\\Users\\gerar\\OneDrive\\Escritorio\\nodejs-basic-website\\src\\routes\\pages.routes.js","statementMap":{"0":{"start":{"line":4,"column":15},"end":{"line":4,"column":23}},"1":{"start":{"line":6,"column":0},"end":{"line":6,"column":28}},"2":{"start":{"line":7,"column":0},"end":{"line":7,"column":34}}},"fnMap":{},"branchMap":{},"s":{"0":1,"1":1,"2":1},"f":{},"b":{},"_coverageSchema":"1a1c01bbd47fc00a2c39e90264f33305004495a9","hash":"731d988710102a426dff28aeff3744825f79e8a2"}
,"C:\\Users\\gerar\\OneDrive\\Escritorio\\nodejs-basic-website\\src\\routes\\tasks.routes.js": {"path":"C:\\Users\\gerar\\OneDrive\\Escritorio\\nodejs-basic-website\\src\\routes\\tasks.routes.js","statementMap":{"0":{"start":{"line":11,"column":15},"end":{"line":11,"column":23}},"1":{"start":{"line":14,"column":0},"end":{"line":14,"column":26}},"2":{"start":{"line":17,"column":0},"end":{"line":17,"column":29}},"3":{"start":{"line":20,"column":0},"end":{"line":20,"column":31}},"4":{"start":{"line":23,"column":0},"end":{"line":23,"column":34}}},"fnMap":{},"branchMap":{},"s":{"0":1,"1":1,"2":1,"3":1,"4":1},"f":{},"b":{},"_coverageSchema":"1a1c01bbd47fc00a2c39e90264f33305004495a9","hash":"dc577d109c6a4f4b44b631137b5e1b376015afb5"}
}
