TN:
SF:src\app.js
FNF:0
FNH:0
DA:8,1
DA:9,1
DA:12,1
DA:13,1
DA:16,1
DA:17,1
DA:21,1
DA:22,1
LF:8
LH:8
BRDA:9,0,0,1
BRDA:9,0,1,1
BRF:2
BRH:2
end_of_record
TN:
SF:src\controllers\pages.controller.js
FN:8,(anonymous_0)
FN:17,(anonymous_1)
FN:26,(anonymous_2)
FNF:3
FNH:3
FNDA:1,(anonymous_0)
FNDA:1,(anonymous_1)
FNDA:1,(anonymous_2)
DA:8,2
DA:9,1
DA:17,2
DA:18,1
DA:26,2
DA:27,1
LF:6
LH:6
BRF:0
BRH:0
end_of_record
TN:
SF:src\controllers\tasks.controller.js
FN:8,(anonymous_0)
FN:18,(anonymous_1)
FN:45,(anonymous_2)
FN:50,(anonymous_3)
FN:77,(anonymous_4)
FN:82,(anonymous_5)
FNF:6
FNH:6
FNDA:3,(anonymous_0)
FNDA:4,(anonymous_1)
FNDA:6,(anonymous_2)
FNDA:5,(anonymous_3)
FNDA:4,(anonymous_4)
FNDA:5,(anonymous_5)
DA:1,2
DA:8,2
DA:9,3
DA:18,2
DA:19,4
DA:21,4
DA:22,2
DA:26,2
DA:34,2
DA:37,2
DA:45,2
DA:47,6
DA:50,6
DA:53,6
DA:54,3
DA:58,3
DA:61,3
DA:69,3
DA:77,2
DA:79,4
DA:82,5
DA:85,4
DA:86,2
DA:90,2
DA:93,2
LF:25
LH:25
BRDA:21,0,0,2
BRDA:21,0,1,2
BRDA:21,1,0,4
BRDA:21,1,1,2
BRDA:53,2,0,3
BRDA:53,2,1,3
BRDA:63,3,0,2
BRDA:63,3,1,1
BRDA:64,4,0,1
BRDA:64,4,1,2
BRDA:65,5,0,2
BRDA:65,5,1,1
BRDA:85,6,0,2
BRDA:85,6,1,2
BRF:14
BRH:14
end_of_record
TN:
SF:src\routes\pages.routes.js
FNF:0
FNH:0
DA:4,1
DA:6,1
DA:7,1
LF:3
LH:3
BRF:0
BRH:0
end_of_record
TN:
SF:src\routes\tasks.routes.js
FNF:0
FNH:0
DA:11,1
DA:14,1
DA:17,1
DA:20,1
DA:23,1
LF:5
LH:5
BRF:0
BRH:0
end_of_record
